<?xml version="1.0" encoding="utf-8"?>
<coverage line-rate="0.9834" branch-rate="0.9736" version="1.9" timestamp="1604028227" lines-covered="534" lines-valid="543" branches-covered="74" branches-valid="76">
  <sources>
    <source>C:\Users\Ajay kumar\source\repos\assist-purchase-s21b2\PurchaseAssistantWebApp\</source>
  </sources>
  <packages>
    <package name="PurchaseAssistantWebApp" line-rate="0.9834" branch-rate="0.9736" complexity="161">
      <classes>
        <class name="PurchaseAssistantWebApp.Startup" filename="Startup.cs" line-rate="0.9615" branch-rate="1" complexity="6">
          <methods>
            <method name="get_Configuration" signature="()" line-rate="0" branch-rate="1">
              <lines>
                <line number="16" hits="0" branch="False" />
              </lines>
            </method>
            <method name="ConfigureServices" signature="(Microsoft.Extensions.DependencyInjection.IServiceCollection)" line-rate="1" branch-rate="1">
              <lines>
                <line number="19" hits="27" branch="False" />
                <line number="20" hits="27" branch="False" />
                <line number="21" hits="27" branch="True" condition-coverage="100% (2/2)">
                  <conditions>
                    <condition number="15" type="jump" coverage="100%" />
                  </conditions>
                </line>
                <line number="22" hits="61" branch="False" />
                <line number="23" hits="27" branch="False" />
                <line number="24" hits="61" branch="False" />
                <line number="25" hits="27" branch="False" />
                <line number="26" hits="61" branch="False" />
                <line number="27" hits="27" branch="False" />
                <line number="28" hits="27" branch="False" />
                <line number="29" hits="27" branch="False" />
                <line number="30" hits="27" branch="False" />
                <line number="31" hits="27" branch="False" />
              </lines>
            </method>
            <method name="Configure" signature="(Microsoft.AspNetCore.Builder.IApplicationBuilder)" line-rate="1" branch-rate="1">
              <lines>
                <line number="35" hits="27" branch="False" />
                <line number="36" hits="27" branch="False" />
                <line number="38" hits="27" branch="False" />
                <line number="40" hits="27" branch="True" condition-coverage="100% (2/2)">
                  <conditions>
                    <condition number="22" type="jump" coverage="100%" />
                  </conditions>
                </line>
                <line number="41" hits="54" branch="False" />
                <line number="42" hits="54" branch="False" />
                <line number="43" hits="54" branch="False" />
                <line number="44" hits="27" branch="False" />
              </lines>
            </method>
            <method name=".ctor" signature="(Microsoft.Extensions.Configuration.IConfiguration)" line-rate="1" branch-rate="1">
              <lines>
                <line number="11" hits="27" branch="False" />
                <line number="12" hits="27" branch="False" />
                <line number="13" hits="27" branch="False" />
                <line number="14" hits="27" branch="False" />
              </lines>
            </method>
          </methods>
          <lines>
            <line number="16" hits="0" branch="False" />
            <line number="19" hits="27" branch="False" />
            <line number="20" hits="27" branch="False" />
            <line number="21" hits="27" branch="True" condition-coverage="100% (2/2)">
              <conditions>
                <condition number="15" type="jump" coverage="100%" />
              </conditions>
            </line>
            <line number="22" hits="61" branch="False" />
            <line number="23" hits="27" branch="False" />
            <line number="24" hits="61" branch="False" />
            <line number="25" hits="27" branch="False" />
            <line number="26" hits="61" branch="False" />
            <line number="27" hits="27" branch="False" />
            <line number="28" hits="27" branch="False" />
            <line number="29" hits="27" branch="False" />
            <line number="30" hits="27" branch="False" />
            <line number="31" hits="27" branch="False" />
            <line number="35" hits="27" branch="False" />
            <line number="36" hits="27" branch="False" />
            <line number="38" hits="27" branch="False" />
            <line number="40" hits="27" branch="True" condition-coverage="100% (2/2)">
              <conditions>
                <condition number="22" type="jump" coverage="100%" />
              </conditions>
            </line>
            <line number="41" hits="54" branch="False" />
            <line number="42" hits="54" branch="False" />
            <line number="43" hits="54" branch="False" />
            <line number="44" hits="27" branch="False" />
            <line number="11" hits="27" branch="False" />
            <line number="12" hits="27" branch="False" />
            <line number="13" hits="27" branch="False" />
            <line number="14" hits="27" branch="False" />
          </lines>
        </class>
        <class name="PurchaseAssistantWebApp.Utilities.AlertByEmail" filename="Utilities\AlertByEmail.cs" line-rate="0.9704999999999999" branch-rate="0.9" complexity="10">
          <methods>
            <method name="CreateEmailMessageBody" signature="(PurchaseAssistantWebApp.Models.CallSetupRequest)" line-rate="1" branch-rate="1">
              <lines>
                <line number="14" hits="3" branch="False" />
                <line number="15" hits="3" branch="False" />
                <line number="17" hits="3" branch="False" />
                <line number="18" hits="3" branch="False" />
                <line number="20" hits="21" branch="True" condition-coverage="100% (2/2)">
                  <conditions>
                    <condition number="89" type="jump" coverage="100%" />
                  </conditions>
                </line>
                <line number="21" hits="6" branch="False" />
                <line number="22" hits="6" branch="False" />
                <line number="23" hits="6" branch="False" />
                <line number="25" hits="3" branch="False" />
                <line number="26" hits="3" branch="False" />
                <line number="27" hits="3" branch="False" />
                <line number="28" hits="3" branch="False" />
                <line number="29" hits="3" branch="False" />
                <line number="31" hits="3" branch="False" />
                <line number="32" hits="3" branch="False" />
              </lines>
            </method>
            <method name="ComposeEmail" signature="(System.String,System.Collections.Generic.List`1&lt;System.String&gt;,System.String,System.String)" line-rate="1" branch-rate="1">
              <lines>
                <line number="35" hits="4" branch="False" />
                <line number="37" hits="4" branch="False" />
                <line number="38" hits="4" branch="False" />
                <line number="39" hits="4" branch="False" />
                <line number="40" hits="4" branch="False" />
                <line number="41" hits="4" branch="False" />
                <line number="42" hits="4" branch="False" />
                <line number="44" hits="20" branch="True" condition-coverage="100% (2/2)">
                  <conditions>
                    <condition number="95" type="jump" coverage="100%" />
                  </conditions>
                </line>
                <line number="45" hits="4" branch="False" />
                <line number="46" hits="4" branch="False" />
                <line number="47" hits="4" branch="False" />
                <line number="49" hits="4" branch="False" />
                <line number="50" hits="4" branch="False" />
              </lines>
            </method>
            <method name="SendAlert" signature="(PurchaseAssistantWebApp.Models.CallSetupRequest,System.Collections.Generic.IEnumerable`1&lt;PurchaseAssistantWebApp.Models.SalesRepresentative&gt;)" line-rate="1" branch-rate="1">
              <lines>
                <line number="52" hits="3" branch="False" />
                <line number="53" hits="3" branch="False" />
                <line number="55" hits="13" branch="True" condition-coverage="100% (2/2)">
                  <conditions>
                    <condition number="50" type="jump" coverage="100%" />
                  </conditions>
                </line>
                <line number="56" hits="2" branch="False" />
                <line number="57" hits="2" branch="False" />
                <line number="58" hits="2" branch="False" />
                <line number="60" hits="3" branch="True" condition-coverage="100% (2/2)">
                  <conditions>
                    <condition number="80" type="jump" coverage="100%" />
                  </conditions>
                </line>
                <line number="61" hits="1" branch="False" />
                <line number="62" hits="1" branch="False" />
                <line number="65" hits="2" branch="False" />
                <line number="67" hits="2" branch="False" />
                <line number="70" hits="2" branch="False" />
                <line number="71" hits="2" branch="False" />
                <line number="72" hits="2" branch="False" />
                <line number="73" hits="2" branch="False" />
                <line number="74" hits="2" branch="False" />
                <line number="76" hits="2" branch="False" />
                <line number="77" hits="3" branch="False" />
              </lines>
            </method>
            <method name="SendAlert" signature="(PurchaseAssistantWebApp.Models.SalesRepresentative,System.String)" line-rate="0.909" branch-rate="0.5">
              <lines>
                <line number="80" hits="1" branch="False" />
                <line number="81" hits="1" branch="False" />
                <line number="83" hits="1" branch="False" />
                <line number="85" hits="1" branch="True" condition-coverage="50% (1/2)">
                  <conditions>
                    <condition number="28" type="jump" coverage="50%" />
                  </conditions>
                </line>
                <line number="86" hits="0" branch="False" />
                <line number="87" hits="0" branch="False" />
                <line number="90" hits="1" branch="False" />
                <line number="91" hits="1" branch="False" />
                <line number="92" hits="1" branch="False" />
                <line number="93" hits="1" branch="False" />
                <line number="94" hits="1" branch="False" />
                <line number="95" hits="1" branch="False" />
                <line number="96" hits="1" branch="False" />
                <line number="97" hits="1" branch="False" />
                <line number="99" hits="1" branch="False" />
                <line number="102" hits="1" branch="False" />
                <line number="103" hits="1" branch="False" />
                <line number="104" hits="1" branch="False" />
                <line number="105" hits="1" branch="False" />
                <line number="106" hits="1" branch="False" />
                <line number="107" hits="1" branch="False" />
                <line number="108" hits="1" branch="False" />
              </lines>
            </method>
          </methods>
          <lines>
            <line number="14" hits="3" branch="False" />
            <line number="15" hits="3" branch="False" />
            <line number="17" hits="3" branch="False" />
            <line number="18" hits="3" branch="False" />
            <line number="20" hits="21" branch="True" condition-coverage="100% (2/2)">
              <conditions>
                <condition number="89" type="jump" coverage="100%" />
              </conditions>
            </line>
            <line number="21" hits="6" branch="False" />
            <line number="22" hits="6" branch="False" />
            <line number="23" hits="6" branch="False" />
            <line number="25" hits="3" branch="False" />
            <line number="26" hits="3" branch="False" />
            <line number="27" hits="3" branch="False" />
            <line number="28" hits="3" branch="False" />
            <line number="29" hits="3" branch="False" />
            <line number="31" hits="3" branch="False" />
            <line number="32" hits="3" branch="False" />
            <line number="35" hits="4" branch="False" />
            <line number="37" hits="4" branch="False" />
            <line number="38" hits="4" branch="False" />
            <line number="39" hits="4" branch="False" />
            <line number="40" hits="4" branch="False" />
            <line number="41" hits="4" branch="False" />
            <line number="42" hits="4" branch="False" />
            <line number="44" hits="20" branch="True" condition-coverage="100% (2/2)">
              <conditions>
                <condition number="95" type="jump" coverage="100%" />
              </conditions>
            </line>
            <line number="45" hits="4" branch="False" />
            <line number="46" hits="4" branch="False" />
            <line number="47" hits="4" branch="False" />
            <line number="49" hits="4" branch="False" />
            <line number="50" hits="4" branch="False" />
            <line number="52" hits="3" branch="False" />
            <line number="53" hits="3" branch="False" />
            <line number="55" hits="13" branch="True" condition-coverage="100% (2/2)">
              <conditions>
                <condition number="50" type="jump" coverage="100%" />
              </conditions>
            </line>
            <line number="56" hits="2" branch="False" />
            <line number="57" hits="2" branch="False" />
            <line number="58" hits="2" branch="False" />
            <line number="60" hits="3" branch="True" condition-coverage="100% (2/2)">
              <conditions>
                <condition number="80" type="jump" coverage="100%" />
              </conditions>
            </line>
            <line number="61" hits="1" branch="False" />
            <line number="62" hits="1" branch="False" />
            <line number="65" hits="2" branch="False" />
            <line number="67" hits="2" branch="False" />
            <line number="70" hits="2" branch="False" />
            <line number="71" hits="2" branch="False" />
            <line number="72" hits="2" branch="False" />
            <line number="73" hits="2" branch="False" />
            <line number="74" hits="2" branch="False" />
            <line number="76" hits="2" branch="False" />
            <line number="77" hits="3" branch="False" />
            <line number="80" hits="1" branch="False" />
            <line number="81" hits="1" branch="False" />
            <line number="83" hits="1" branch="False" />
            <line number="85" hits="1" branch="True" condition-coverage="50% (1/2)">
              <conditions>
                <condition number="28" type="jump" coverage="50%" />
              </conditions>
            </line>
            <line number="86" hits="0" branch="False" />
            <line number="87" hits="0" branch="False" />
            <line number="90" hits="1" branch="False" />
            <line number="91" hits="1" branch="False" />
            <line number="92" hits="1" branch="False" />
            <line number="93" hits="1" branch="False" />
            <line number="94" hits="1" branch="False" />
            <line number="95" hits="1" branch="False" />
            <line number="96" hits="1" branch="False" />
            <line number="97" hits="1" branch="False" />
            <line number="99" hits="1" branch="False" />
            <line number="102" hits="1" branch="False" />
            <line number="103" hits="1" branch="False" />
            <line number="104" hits="1" branch="False" />
            <line number="105" hits="1" branch="False" />
            <line number="106" hits="1" branch="False" />
            <line number="107" hits="1" branch="False" />
            <line number="108" hits="1" branch="False" />
          </lines>
        </class>
        <class name="PurchaseAssistantWebApp.Utilities.FilterModelsUtility" filename="Utilities\FilterModelsUtility.cs" line-rate="1" branch-rate="1" complexity="33">
          <methods>
            <method name="ApplyAllFilters" signature="(System.Collections.Generic.IEnumerable`1&lt;PurchaseAssistantWebApp.Models.ModelsSpecification&gt;,PurchaseAssistantWebApp.Models.SearchQuery)" line-rate="1" branch-rate="1">
              <lines>
                <line number="11" hits="5" branch="False" />
                <line number="12" hits="5" branch="False" />
                <line number="13" hits="5" branch="False" />
                <line number="14" hits="5" branch="False" />
                <line number="15" hits="5" branch="False" />
                <line number="16" hits="4" branch="False" />
                <line number="17" hits="4" branch="False" />
                <line number="18" hits="4" branch="False" />
                <line number="20" hits="4" branch="False" />
                <line number="21" hits="4" branch="False" />
                <line number="22" hits="4" branch="False" />
                <line number="23" hits="4" branch="False" />
                <line number="24" hits="4" branch="False" />
                <line number="25" hits="4" branch="False" />
                <line number="27" hits="4" branch="False" />
                <line number="28" hits="4" branch="False" />
              </lines>
            </method>
            <method name="FilterById" signature="(System.String,System.Collections.Generic.IEnumerable`1&lt;PurchaseAssistantWebApp.Models.ModelsSpecification&gt;)" line-rate="1" branch-rate="1">
              <lines>
                <line number="30" hits="9" branch="False" />
                <line number="31" hits="15" branch="True" condition-coverage="100% (2/2)">
                  <conditions>
                    <condition number="15" type="jump" coverage="100%" />
                  </conditions>
                </line>
                <line number="33" hits="3" branch="True" condition-coverage="100% (2/2)">
                  <conditions>
                    <condition number="35" type="jump" coverage="100%" />
                  </conditions>
                </line>
                <line number="34" hits="2" branch="False" />
                <line number="35" hits="6" branch="False" />
                <line number="38" hits="1" branch="False" />
                <line number="39" hits="1" branch="False" />
                <line number="41" hits="8" branch="False" />
              </lines>
            </method>
            <method name="FilterByProductName" signature="(System.String,System.Collections.Generic.IEnumerable`1&lt;PurchaseAssistantWebApp.Models.ModelsSpecification&gt;)" line-rate="1" branch-rate="1">
              <lines>
                <line number="44" hits="8" branch="False" />
                <line number="45" hits="14" branch="True" condition-coverage="100% (2/2)">
                  <conditions>
                    <condition number="27" type="jump" coverage="100%" />
                  </conditions>
                </line>
                <line number="47" hits="6" branch="False" />
                <line number="48" hits="8" branch="False" />
              </lines>
            </method>
            <method name="FilterByProductKey" signature="(System.String,System.Collections.Generic.IEnumerable`1&lt;PurchaseAssistantWebApp.Models.ModelsSpecification&gt;)" line-rate="1" branch-rate="1">
              <lines>
                <line number="51" hits="8" branch="False" />
                <line number="52" hits="14" branch="True" condition-coverage="100% (2/2)">
                  <conditions>
                    <condition number="27" type="jump" coverage="100%" />
                  </conditions>
                </line>
                <line number="54" hits="5" branch="False" />
                <line number="55" hits="8" branch="False" />
              </lines>
            </method>
            <method name="FilterByPortability" signature="(System.String,System.Collections.Generic.IEnumerable`1&lt;PurchaseAssistantWebApp.Models.ModelsSpecification&gt;)" line-rate="1" branch-rate="1">
              <lines>
                <line number="58" hits="9" branch="False" />
                <line number="59" hits="13" branch="True" condition-coverage="100% (2/2)">
                  <conditions>
                    <condition number="15" type="jump" coverage="100%" />
                  </conditions>
                </line>
                <line number="61" hits="5" branch="True" condition-coverage="100% (2/2)">
                  <conditions>
                    <condition number="35" type="jump" coverage="100%" />
                  </conditions>
                </line>
                <line number="62" hits="3" branch="False" />
                <line number="63" hits="9" branch="False" />
                <line number="66" hits="2" branch="False" />
                <line number="67" hits="2" branch="False" />
                <line number="69" hits="7" branch="False" />
              </lines>
            </method>
            <method name="FilterByBatterySupport" signature="(System.String,System.Collections.Generic.IEnumerable`1&lt;PurchaseAssistantWebApp.Models.ModelsSpecification&gt;)" line-rate="1" branch-rate="1">
              <lines>
                <line number="71" hits="7" branch="False" />
                <line number="72" hits="12" branch="True" condition-coverage="100% (2/2)">
                  <conditions>
                    <condition number="27" type="jump" coverage="100%" />
                  </conditions>
                </line>
                <line number="74" hits="6" branch="False" />
                <line number="75" hits="7" branch="False" />
              </lines>
            </method>
            <method name="FilterByMultiPatientSupport" signature="(System.String,System.Collections.Generic.IEnumerable`1&lt;PurchaseAssistantWebApp.Models.ModelsSpecification&gt;)" line-rate="1" branch-rate="1">
              <lines>
                <line number="78" hits="7" branch="False" />
                <line number="79" hits="12" branch="True" condition-coverage="100% (2/2)">
                  <conditions>
                    <condition number="27" type="jump" coverage="100%" />
                  </conditions>
                </line>
                <line number="81" hits="5" branch="False" />
                <line number="82" hits="7" branch="False" />
              </lines>
            </method>
            <method name="FilterByTouchScreenSupport" signature="(System.String,System.Collections.Generic.IEnumerable`1&lt;PurchaseAssistantWebApp.Models.ModelsSpecification&gt;)" line-rate="1" branch-rate="1">
              <lines>
                <line number="84" hits="8" branch="False" />
                <line number="85" hits="13" branch="True" condition-coverage="100% (2/2)">
                  <conditions>
                    <condition number="15" type="jump" coverage="100%" />
                  </conditions>
                </line>
                <line number="87" hits="3" branch="True" condition-coverage="100% (2/2)">
                  <conditions>
                    <condition number="35" type="jump" coverage="100%" />
                  </conditions>
                </line>
                <line number="88" hits="2" branch="False" />
                <line number="89" hits="5" branch="False" />
                <line number="92" hits="1" branch="False" />
                <line number="93" hits="1" branch="False" />
                <line number="95" hits="7" branch="False" />
              </lines>
            </method>
            <method name="FilterByBpCheck" signature="(System.String,System.Collections.Generic.IEnumerable`1&lt;PurchaseAssistantWebApp.Models.ModelsSpecification&gt;)" line-rate="1" branch-rate="1">
              <lines>
                <line number="99" hits="7" branch="False" />
                <line number="100" hits="12" branch="True" condition-coverage="100% (2/2)">
                  <conditions>
                    <condition number="27" type="jump" coverage="100%" />
                  </conditions>
                </line>
                <line number="102" hits="5" branch="False" />
                <line number="103" hits="7" branch="False" />
              </lines>
            </method>
            <method name="FilterByHeartRateCheck" signature="(System.String,System.Collections.Generic.IEnumerable`1&lt;PurchaseAssistantWebApp.Models.ModelsSpecification&gt;)" line-rate="1" branch-rate="1">
              <lines>
                <line number="106" hits="7" branch="False" />
                <line number="107" hits="12" branch="True" condition-coverage="100% (2/2)">
                  <conditions>
                    <condition number="27" type="jump" coverage="100%" />
                  </conditions>
                </line>
                <line number="109" hits="5" branch="False" />
                <line number="110" hits="7" branch="False" />
              </lines>
            </method>
            <method name="FilterByEcgCheck" signature="(System.String,System.Collections.Generic.IEnumerable`1&lt;PurchaseAssistantWebApp.Models.ModelsSpecification&gt;)" line-rate="1" branch-rate="1">
              <lines>
                <line number="113" hits="7" branch="False" />
                <line number="114" hits="12" branch="True" condition-coverage="100% (2/2)">
                  <conditions>
                    <condition number="27" type="jump" coverage="100%" />
                  </conditions>
                </line>
                <line number="116" hits="5" branch="False" />
                <line number="117" hits="7" branch="False" />
              </lines>
            </method>
            <method name="FilterBySpO2Check" signature="(System.String,System.Collections.Generic.IEnumerable`1&lt;PurchaseAssistantWebApp.Models.ModelsSpecification&gt;)" line-rate="1" branch-rate="1">
              <lines>
                <line number="120" hits="7" branch="False" />
                <line number="121" hits="12" branch="True" condition-coverage="100% (2/2)">
                  <conditions>
                    <condition number="27" type="jump" coverage="100%" />
                  </conditions>
                </line>
                <line number="123" hits="5" branch="False" />
                <line number="124" hits="7" branch="False" />
              </lines>
            </method>
            <method name="FilterByTemperatureCheck" signature="(System.String,System.Collections.Generic.IEnumerable`1&lt;PurchaseAssistantWebApp.Models.ModelsSpecification&gt;)" line-rate="1" branch-rate="1">
              <lines>
                <line number="127" hits="7" branch="False" />
                <line number="128" hits="12" branch="True" condition-coverage="100% (2/2)">
                  <conditions>
                    <condition number="27" type="jump" coverage="100%" />
                  </conditions>
                </line>
                <line number="130" hits="5" branch="False" />
                <line number="131" hits="7" branch="False" />
              </lines>
            </method>
            <method name="FilterByCardiacOutputCheck" signature="(System.String,System.Collections.Generic.IEnumerable`1&lt;PurchaseAssistantWebApp.Models.ModelsSpecification&gt;)" line-rate="1" branch-rate="1">
              <lines>
                <line number="134" hits="7" branch="False" />
                <line number="135" hits="12" branch="True" condition-coverage="100% (2/2)">
                  <conditions>
                    <condition number="27" type="jump" coverage="100%" />
                  </conditions>
                </line>
                <line number="137" hits="5" branch="False" />
                <line number="138" hits="7" branch="False" />
              </lines>
            </method>
          </methods>
          <lines>
            <line number="11" hits="5" branch="False" />
            <line number="12" hits="5" branch="False" />
            <line number="13" hits="5" branch="False" />
            <line number="14" hits="5" branch="False" />
            <line number="15" hits="5" branch="False" />
            <line number="16" hits="4" branch="False" />
            <line number="17" hits="4" branch="False" />
            <line number="18" hits="4" branch="False" />
            <line number="20" hits="4" branch="False" />
            <line number="21" hits="4" branch="False" />
            <line number="22" hits="4" branch="False" />
            <line number="23" hits="4" branch="False" />
            <line number="24" hits="4" branch="False" />
            <line number="25" hits="4" branch="False" />
            <line number="27" hits="4" branch="False" />
            <line number="28" hits="4" branch="False" />
            <line number="30" hits="9" branch="False" />
            <line number="31" hits="15" branch="True" condition-coverage="100% (2/2)">
              <conditions>
                <condition number="15" type="jump" coverage="100%" />
              </conditions>
            </line>
            <line number="33" hits="3" branch="True" condition-coverage="100% (2/2)">
              <conditions>
                <condition number="35" type="jump" coverage="100%" />
              </conditions>
            </line>
            <line number="34" hits="2" branch="False" />
            <line number="35" hits="6" branch="False" />
            <line number="38" hits="1" branch="False" />
            <line number="39" hits="1" branch="False" />
            <line number="41" hits="8" branch="False" />
            <line number="44" hits="8" branch="False" />
            <line number="45" hits="14" branch="True" condition-coverage="100% (2/2)">
              <conditions>
                <condition number="27" type="jump" coverage="100%" />
              </conditions>
            </line>
            <line number="47" hits="6" branch="False" />
            <line number="48" hits="8" branch="False" />
            <line number="51" hits="8" branch="False" />
            <line number="52" hits="14" branch="True" condition-coverage="100% (2/2)">
              <conditions>
                <condition number="27" type="jump" coverage="100%" />
              </conditions>
            </line>
            <line number="54" hits="5" branch="False" />
            <line number="55" hits="8" branch="False" />
            <line number="58" hits="9" branch="False" />
            <line number="59" hits="13" branch="True" condition-coverage="100% (2/2)">
              <conditions>
                <condition number="15" type="jump" coverage="100%" />
              </conditions>
            </line>
            <line number="61" hits="5" branch="True" condition-coverage="100% (2/2)">
              <conditions>
                <condition number="35" type="jump" coverage="100%" />
              </conditions>
            </line>
            <line number="62" hits="3" branch="False" />
            <line number="63" hits="9" branch="False" />
            <line number="66" hits="2" branch="False" />
            <line number="67" hits="2" branch="False" />
            <line number="69" hits="7" branch="False" />
            <line number="71" hits="7" branch="False" />
            <line number="72" hits="12" branch="True" condition-coverage="100% (2/2)">
              <conditions>
                <condition number="27" type="jump" coverage="100%" />
              </conditions>
            </line>
            <line number="74" hits="6" branch="False" />
            <line number="75" hits="7" branch="False" />
            <line number="78" hits="7" branch="False" />
            <line number="79" hits="12" branch="True" condition-coverage="100% (2/2)">
              <conditions>
                <condition number="27" type="jump" coverage="100%" />
              </conditions>
            </line>
            <line number="81" hits="5" branch="False" />
            <line number="82" hits="7" branch="False" />
            <line number="84" hits="8" branch="False" />
            <line number="85" hits="13" branch="True" condition-coverage="100% (2/2)">
              <conditions>
                <condition number="15" type="jump" coverage="100%" />
              </conditions>
            </line>
            <line number="87" hits="3" branch="True" condition-coverage="100% (2/2)">
              <conditions>
                <condition number="35" type="jump" coverage="100%" />
              </conditions>
            </line>
            <line number="88" hits="2" branch="False" />
            <line number="89" hits="5" branch="False" />
            <line number="92" hits="1" branch="False" />
            <line number="93" hits="1" branch="False" />
            <line number="95" hits="7" branch="False" />
            <line number="99" hits="7" branch="False" />
            <line number="100" hits="12" branch="True" condition-coverage="100% (2/2)">
              <conditions>
                <condition number="27" type="jump" coverage="100%" />
              </conditions>
            </line>
            <line number="102" hits="5" branch="False" />
            <line number="103" hits="7" branch="False" />
            <line number="106" hits="7" branch="False" />
            <line number="107" hits="12" branch="True" condition-coverage="100% (2/2)">
              <conditions>
                <condition number="27" type="jump" coverage="100%" />
              </conditions>
            </line>
            <line number="109" hits="5" branch="False" />
            <line number="110" hits="7" branch="False" />
            <line number="113" hits="7" branch="False" />
            <line number="114" hits="12" branch="True" condition-coverage="100% (2/2)">
              <conditions>
                <condition number="27" type="jump" coverage="100%" />
              </conditions>
            </line>
            <line number="116" hits="5" branch="False" />
            <line number="117" hits="7" branch="False" />
            <line number="120" hits="7" branch="False" />
            <line number="121" hits="12" branch="True" condition-coverage="100% (2/2)">
              <conditions>
                <condition number="27" type="jump" coverage="100%" />
              </conditions>
            </line>
            <line number="123" hits="5" branch="False" />
            <line number="124" hits="7" branch="False" />
            <line number="127" hits="7" branch="False" />
            <line number="128" hits="12" branch="True" condition-coverage="100% (2/2)">
              <conditions>
                <condition number="27" type="jump" coverage="100%" />
              </conditions>
            </line>
            <line number="130" hits="5" branch="False" />
            <line number="131" hits="7" branch="False" />
            <line number="134" hits="7" branch="False" />
            <line number="135" hits="12" branch="True" condition-coverage="100% (2/2)">
              <conditions>
                <condition number="27" type="jump" coverage="100%" />
              </conditions>
            </line>
            <line number="137" hits="5" branch="False" />
            <line number="138" hits="7" branch="False" />
          </lines>
        </class>
        <class name="PurchaseAssistantWebApp.Repository.CallSetupRequestDataRepository" filename="Repository\CallSetupRequestDataRepository.cs" line-rate="1" branch-rate="1" complexity="15">
          <methods>
            <method name="GetAllCallSetupRequest" signature="()" line-rate="1" branch-rate="1">
              <lines>
                <line number="21" hits="2" branch="False" />
                <line number="22" hits="2" branch="False" />
                <line number="23" hits="2" branch="False" />
              </lines>
            </method>
            <method name="ValidateField" signature="(System.String,System.String)" line-rate="1" branch-rate="1">
              <lines>
                <line number="27" hits="66" branch="False" />
                <line number="28" hits="66" branch="True" condition-coverage="100% (2/2)">
                  <conditions>
                    <condition number="9" type="jump" coverage="100%" />
                  </conditions>
                </line>
                <line number="29" hits="3" branch="False" />
                <line number="30" hits="3" branch="False" />
                <line number="32" hits="63" branch="False" />
              </lines>
            </method>
            <method name="ValidateCallSetupRequestData" signature="(PurchaseAssistantWebApp.Models.CallSetupRequest)" line-rate="1" branch-rate="1">
              <lines>
                <line number="35" hits="14" branch="False" />
                <line number="36" hits="14" branch="False" />
                <line number="37" hits="14" branch="False" />
                <line number="38" hits="13" branch="False" />
                <line number="39" hits="13" branch="False" />
                <line number="40" hits="12" branch="False" />
                <line number="42" hits="11" branch="True" condition-coverage="100% (4/4)">
                  <conditions>
                    <condition number="97" type="jump" coverage="100%" />
                    <condition number="118" type="jump" coverage="100%" />
                  </conditions>
                </line>
                <line number="43" hits="2" branch="False" />
                <line number="44" hits="2" branch="False" />
                <line number="46" hits="9" branch="False" />
              </lines>
            </method>
            <method name="AddNewCallSetupRequest" signature="(PurchaseAssistantWebApp.Models.CallSetupRequest)" line-rate="1" branch-rate="1">
              <lines>
                <line number="49" hits="8" branch="False" />
                <line number="50" hits="8" branch="False" />
                <line number="52" hits="5" branch="True" condition-coverage="100% (2/2)">
                  <conditions>
                    <condition number="45" type="jump" coverage="100%" />
                  </conditions>
                </line>
                <line number="53" hits="2" branch="False" />
                <line number="54" hits="2" branch="False" />
                <line number="55" hits="2" branch="False" />
                <line number="56" hits="2" branch="False" />
                <line number="58" hits="3" branch="False" />
                <line number="59" hits="3" branch="False" />
                <line number="62" hits="2" branch="False" />
                <line number="63" hits="2" branch="False" />
              </lines>
            </method>
            <method name="DeleteCallSetupRequest" signature="(System.String)" line-rate="1" branch-rate="1">
              <lines>
                <line number="66" hits="4" branch="False" />
                <line number="67" hits="4" branch="True" condition-coverage="100% (2/2)">
                  <conditions>
                    <condition number="32" type="jump" coverage="100%" />
                  </conditions>
                </line>
                <line number="68" hits="2" branch="False" />
                <line number="70" hits="2" branch="False" />
                <line number="71" hits="2" branch="False" />
                <line number="73" hits="2" branch="False" />
                <line number="75" hits="2" branch="False" />
                <line number="76" hits="2" branch="False" />
              </lines>
            </method>
            <method name="UpdateCallSetupRequest" signature="(PurchaseAssistantWebApp.Models.CallSetupRequest)" line-rate="1" branch-rate="1">
              <lines>
                <line number="79" hits="6" branch="False" />
                <line number="80" hits="6" branch="False" />
                <line number="82" hits="4" branch="True" condition-coverage="100% (2/2)">
                  <conditions>
                    <condition number="26" type="jump" coverage="100%" />
                  </conditions>
                </line>
                <line number="83" hits="2" branch="False" />
                <line number="84" hits="2" branch="False" />
                <line number="85" hits="2" branch="False" />
                <line number="86" hits="2" branch="False" />
                <line number="87" hits="2" branch="False" />
                <line number="88" hits="2" branch="False" />
                <line number="89" hits="2" branch="False" />
                <line number="90" hits="2" branch="False" />
                <line number="92" hits="2" branch="False" />
                <line number="94" hits="2" branch="False" />
                <line number="95" hits="2" branch="False" />
              </lines>
            </method>
            <method name="GetCallSetupRequest" signature="(System.String)" line-rate="1" branch-rate="1">
              <lines>
                <line number="98" hits="11" branch="False" />
                <line number="99" hits="11" branch="False" />
                <line number="100" hits="11" branch="False" />
                <line number="101" hits="11" branch="False" />
              </lines>
            </method>
            <method name=".ctor" signature="(PurchaseAssistantWebApp.Database.AppDbContext)" line-rate="1" branch-rate="1">
              <lines>
                <line number="14" hits="20" branch="False" />
                <line number="15" hits="20" branch="False" />
                <line number="16" hits="20" branch="False" />
                <line number="18" hits="20" branch="False" />
              </lines>
            </method>
          </methods>
          <lines>
            <line number="21" hits="2" branch="False" />
            <line number="22" hits="2" branch="False" />
            <line number="23" hits="2" branch="False" />
            <line number="27" hits="66" branch="False" />
            <line number="28" hits="66" branch="True" condition-coverage="100% (2/2)">
              <conditions>
                <condition number="9" type="jump" coverage="100%" />
              </conditions>
            </line>
            <line number="29" hits="3" branch="False" />
            <line number="30" hits="3" branch="False" />
            <line number="32" hits="63" branch="False" />
            <line number="35" hits="14" branch="False" />
            <line number="36" hits="14" branch="False" />
            <line number="37" hits="14" branch="False" />
            <line number="38" hits="13" branch="False" />
            <line number="39" hits="13" branch="False" />
            <line number="40" hits="12" branch="False" />
            <line number="42" hits="11" branch="True" condition-coverage="100% (4/4)">
              <conditions>
                <condition number="97" type="jump" coverage="100%" />
                <condition number="118" type="jump" coverage="100%" />
              </conditions>
            </line>
            <line number="43" hits="2" branch="False" />
            <line number="44" hits="2" branch="False" />
            <line number="46" hits="9" branch="False" />
            <line number="49" hits="8" branch="False" />
            <line number="50" hits="8" branch="False" />
            <line number="52" hits="5" branch="True" condition-coverage="100% (2/2)">
              <conditions>
                <condition number="45" type="jump" coverage="100%" />
              </conditions>
            </line>
            <line number="53" hits="2" branch="False" />
            <line number="54" hits="2" branch="False" />
            <line number="55" hits="2" branch="False" />
            <line number="56" hits="2" branch="False" />
            <line number="58" hits="3" branch="False" />
            <line number="59" hits="3" branch="False" />
            <line number="62" hits="2" branch="False" />
            <line number="63" hits="2" branch="False" />
            <line number="66" hits="4" branch="False" />
            <line number="67" hits="4" branch="True" condition-coverage="100% (2/2)">
              <conditions>
                <condition number="32" type="jump" coverage="100%" />
              </conditions>
            </line>
            <line number="68" hits="2" branch="False" />
            <line number="70" hits="2" branch="False" />
            <line number="71" hits="2" branch="False" />
            <line number="73" hits="2" branch="False" />
            <line number="75" hits="2" branch="False" />
            <line number="76" hits="2" branch="False" />
            <line number="79" hits="6" branch="False" />
            <line number="80" hits="6" branch="False" />
            <line number="82" hits="4" branch="True" condition-coverage="100% (2/2)">
              <conditions>
                <condition number="26" type="jump" coverage="100%" />
              </conditions>
            </line>
            <line number="83" hits="2" branch="False" />
            <line number="84" hits="2" branch="False" />
            <line number="85" hits="2" branch="False" />
            <line number="86" hits="2" branch="False" />
            <line number="87" hits="2" branch="False" />
            <line number="88" hits="2" branch="False" />
            <line number="89" hits="2" branch="False" />
            <line number="90" hits="2" branch="False" />
            <line number="92" hits="2" branch="False" />
            <line number="94" hits="2" branch="False" />
            <line number="95" hits="2" branch="False" />
            <line number="98" hits="11" branch="False" />
            <line number="99" hits="11" branch="False" />
            <line number="100" hits="11" branch="False" />
            <line number="101" hits="11" branch="False" />
            <line number="14" hits="20" branch="False" />
            <line number="15" hits="20" branch="False" />
            <line number="16" hits="20" branch="False" />
            <line number="18" hits="20" branch="False" />
          </lines>
        </class>
        <class name="PurchaseAssistantWebApp.Repository.ModelsSpecificationDataRepository" filename="Repository\ModelsSpecificationDataRepository.cs" line-rate="1" branch-rate="1" complexity="13">
          <methods>
            <method name="ValidateStringField" signature="(System.String,System.String)" line-rate="1" branch-rate="1">
              <lines>
                <line number="22" hits="95" branch="False" />
                <line number="23" hits="95" branch="True" condition-coverage="100% (2/2)">
                  <conditions>
                    <condition number="9" type="jump" coverage="100%" />
                  </conditions>
                </line>
                <line number="24" hits="2" branch="False" />
                <line number="25" hits="2" branch="False" />
                <line number="27" hits="93" branch="False" />
              </lines>
            </method>
            <method name="ValidateModelSpecificationData" signature="(PurchaseAssistantWebApp.Models.ModelsSpecification)" line-rate="1" branch-rate="1">
              <lines>
                <line number="31" hits="9" branch="False" />
                <line number="32" hits="9" branch="False" />
                <line number="33" hits="8" branch="False" />
                <line number="34" hits="8" branch="False" />
                <line number="35" hits="7" branch="False" />
                <line number="36" hits="7" branch="False" />
                <line number="37" hits="7" branch="False" />
                <line number="38" hits="7" branch="False" />
                <line number="39" hits="7" branch="False" />
                <line number="40" hits="7" branch="False" />
                <line number="41" hits="7" branch="False" />
                <line number="42" hits="7" branch="False" />
                <line number="43" hits="7" branch="False" />
                <line number="44" hits="7" branch="False" />
                <line number="45" hits="7" branch="False" />
              </lines>
            </method>
            <method name="GetAllModelsSpecifications" signature="()" line-rate="1" branch-rate="1">
              <lines>
                <line number="48" hits="3" branch="False" />
                <line number="49" hits="3" branch="False" />
                <line number="50" hits="3" branch="False" />
              </lines>
            </method>
            <method name="AddNewModelsSpecification" signature="(PurchaseAssistantWebApp.Models.ModelsSpecification)" line-rate="1" branch-rate="1">
              <lines>
                <line number="53" hits="6" branch="False" />
                <line number="54" hits="6" branch="False" />
                <line number="55" hits="5" branch="True" condition-coverage="100% (2/2)">
                  <conditions>
                    <condition number="26" type="jump" coverage="100%" />
                  </conditions>
                </line>
                <line number="56" hits="4" branch="False" />
                <line number="57" hits="4" branch="False" />
                <line number="59" hits="1" branch="False" />
                <line number="60" hits="1" branch="False" />
                <line number="62" hits="1" branch="False" />
              </lines>
            </method>
            <method name="UpdateModelsSpecification" signature="(PurchaseAssistantWebApp.Models.ModelsSpecification)" line-rate="1" branch-rate="1">
              <lines>
                <line number="65" hits="3" branch="False" />
                <line number="66" hits="3" branch="False" />
                <line number="68" hits="2" branch="True" condition-coverage="100% (2/2)">
                  <conditions>
                    <condition number="26" type="jump" coverage="100%" />
                  </conditions>
                </line>
                <line number="69" hits="1" branch="False" />
                <line number="70" hits="1" branch="False" />
                <line number="72" hits="1" branch="False" />
                <line number="73" hits="1" branch="False" />
                <line number="74" hits="1" branch="False" />
              </lines>
            </method>
            <method name="Update" signature="(PurchaseAssistantWebApp.Models.ModelsSpecification,PurchaseAssistantWebApp.Models.ModelsSpecification)" line-rate="1" branch-rate="1">
              <lines>
                <line number="77" hits="1" branch="False" />
                <line number="78" hits="1" branch="False" />
                <line number="79" hits="1" branch="False" />
                <line number="80" hits="1" branch="False" />
                <line number="81" hits="1" branch="False" />
                <line number="82" hits="1" branch="False" />
                <line number="83" hits="1" branch="False" />
                <line number="84" hits="1" branch="False" />
                <line number="85" hits="1" branch="False" />
                <line number="86" hits="1" branch="False" />
                <line number="87" hits="1" branch="False" />
                <line number="88" hits="1" branch="False" />
                <line number="89" hits="1" branch="False" />
                <line number="90" hits="1" branch="False" />
                <line number="91" hits="1" branch="False" />
                <line number="92" hits="1" branch="False" />
                <line number="93" hits="1" branch="False" />
                <line number="94" hits="1" branch="False" />
                <line number="95" hits="1" branch="False" />
              </lines>
            </method>
            <method name="DeleteModelsSpecification" signature="(System.Int64)" line-rate="1" branch-rate="1">
              <lines>
                <line number="98" hits="2" branch="False" />
                <line number="99" hits="2" branch="True" condition-coverage="100% (2/2)">
                  <conditions>
                    <condition number="13" type="jump" coverage="100%" />
                  </conditions>
                </line>
                <line number="100" hits="1" branch="False" />
                <line number="101" hits="1" branch="False" />
                <line number="103" hits="1" branch="False" />
                <line number="104" hits="1" branch="False" />
                <line number="105" hits="1" branch="False" />
              </lines>
            </method>
            <method name="GetModel" signature="(System.Int64)" line-rate="1" branch-rate="1">
              <lines>
                <line number="108" hits="11" branch="False" />
                <line number="109" hits="11" branch="False" />
                <line number="110" hits="11" branch="False" />
              </lines>
            </method>
            <method name=".ctor" signature="(PurchaseAssistantWebApp.Database.AppDbContext)" line-rate="1" branch-rate="1">
              <lines>
                <line number="15" hits="14" branch="False" />
                <line number="16" hits="14" branch="False" />
                <line number="17" hits="14" branch="False" />
                <line number="18" hits="14" branch="False" />
              </lines>
            </method>
          </methods>
          <lines>
            <line number="22" hits="95" branch="False" />
            <line number="23" hits="95" branch="True" condition-coverage="100% (2/2)">
              <conditions>
                <condition number="9" type="jump" coverage="100%" />
              </conditions>
            </line>
            <line number="24" hits="2" branch="False" />
            <line number="25" hits="2" branch="False" />
            <line number="27" hits="93" branch="False" />
            <line number="31" hits="9" branch="False" />
            <line number="32" hits="9" branch="False" />
            <line number="33" hits="8" branch="False" />
            <line number="34" hits="8" branch="False" />
            <line number="35" hits="7" branch="False" />
            <line number="36" hits="7" branch="False" />
            <line number="37" hits="7" branch="False" />
            <line number="38" hits="7" branch="False" />
            <line number="39" hits="7" branch="False" />
            <line number="40" hits="7" branch="False" />
            <line number="41" hits="7" branch="False" />
            <line number="42" hits="7" branch="False" />
            <line number="43" hits="7" branch="False" />
            <line number="44" hits="7" branch="False" />
            <line number="45" hits="7" branch="False" />
            <line number="48" hits="3" branch="False" />
            <line number="49" hits="3" branch="False" />
            <line number="50" hits="3" branch="False" />
            <line number="53" hits="6" branch="False" />
            <line number="54" hits="6" branch="False" />
            <line number="55" hits="5" branch="True" condition-coverage="100% (2/2)">
              <conditions>
                <condition number="26" type="jump" coverage="100%" />
              </conditions>
            </line>
            <line number="56" hits="4" branch="False" />
            <line number="57" hits="4" branch="False" />
            <line number="59" hits="1" branch="False" />
            <line number="60" hits="1" branch="False" />
            <line number="62" hits="1" branch="False" />
            <line number="65" hits="3" branch="False" />
            <line number="66" hits="3" branch="False" />
            <line number="68" hits="2" branch="True" condition-coverage="100% (2/2)">
              <conditions>
                <condition number="26" type="jump" coverage="100%" />
              </conditions>
            </line>
            <line number="69" hits="1" branch="False" />
            <line number="70" hits="1" branch="False" />
            <line number="72" hits="1" branch="False" />
            <line number="73" hits="1" branch="False" />
            <line number="74" hits="1" branch="False" />
            <line number="77" hits="1" branch="False" />
            <line number="78" hits="1" branch="False" />
            <line number="79" hits="1" branch="False" />
            <line number="80" hits="1" branch="False" />
            <line number="81" hits="1" branch="False" />
            <line number="82" hits="1" branch="False" />
            <line number="83" hits="1" branch="False" />
            <line number="84" hits="1" branch="False" />
            <line number="85" hits="1" branch="False" />
            <line number="86" hits="1" branch="False" />
            <line number="87" hits="1" branch="False" />
            <line number="88" hits="1" branch="False" />
            <line number="89" hits="1" branch="False" />
            <line number="90" hits="1" branch="False" />
            <line number="91" hits="1" branch="False" />
            <line number="92" hits="1" branch="False" />
            <line number="93" hits="1" branch="False" />
            <line number="94" hits="1" branch="False" />
            <line number="95" hits="1" branch="False" />
            <line number="98" hits="2" branch="False" />
            <line number="99" hits="2" branch="True" condition-coverage="100% (2/2)">
              <conditions>
                <condition number="13" type="jump" coverage="100%" />
              </conditions>
            </line>
            <line number="100" hits="1" branch="False" />
            <line number="101" hits="1" branch="False" />
            <line number="103" hits="1" branch="False" />
            <line number="104" hits="1" branch="False" />
            <line number="105" hits="1" branch="False" />
            <line number="108" hits="11" branch="False" />
            <line number="109" hits="11" branch="False" />
            <line number="110" hits="11" branch="False" />
            <line number="15" hits="14" branch="False" />
            <line number="16" hits="14" branch="False" />
            <line number="17" hits="14" branch="False" />
            <line number="18" hits="14" branch="False" />
          </lines>
        </class>
        <class name="PurchaseAssistantWebApp.Repository.SalesRepresentativeDataRepository" filename="Repository\SalesRepresentativeDataRepository.cs" line-rate="1" branch-rate="1" complexity="13">
          <methods>
            <method name="ValidateField" signature="(System.String,System.String)" line-rate="1" branch-rate="1">
              <lines>
                <line number="20" hits="48" branch="False" />
                <line number="21" hits="48" branch="True" condition-coverage="100% (2/2)">
                  <conditions>
                    <condition number="9" type="jump" coverage="100%" />
                  </conditions>
                </line>
                <line number="22" hits="4" branch="False" />
                <line number="23" hits="4" branch="False" />
                <line number="25" hits="44" branch="False" />
              </lines>
            </method>
            <method name="ValidateSalesRepresentativetData" signature="(PurchaseAssistantWebApp.Models.SalesRepresentative)" line-rate="1" branch-rate="1">
              <lines>
                <line number="29" hits="13" branch="False" />
                <line number="30" hits="13" branch="False" />
                <line number="31" hits="13" branch="False" />
                <line number="32" hits="11" branch="False" />
                <line number="33" hits="11" branch="False" />
                <line number="34" hits="9" branch="False" />
              </lines>
            </method>
            <method name="GetAllSalesRepresentative" signature="()" line-rate="1" branch-rate="1">
              <lines>
                <line number="37" hits="2" branch="False" />
                <line number="38" hits="2" branch="False" />
                <line number="39" hits="2" branch="False" />
              </lines>
            </method>
            <method name="GetAllSalesRepresentativeByRegion" signature="(System.String)" line-rate="1" branch-rate="1">
              <lines>
                <line number="42" hits="3" branch="False" />
                <line number="43" hits="3" branch="False" />
                <line number="44" hits="3" branch="False" />
              </lines>
            </method>
            <method name="AddNewSalesRepresentative" signature="(PurchaseAssistantWebApp.Models.SalesRepresentative)" line-rate="1" branch-rate="1">
              <lines>
                <line number="47" hits="7" branch="False" />
                <line number="48" hits="7" branch="False" />
                <line number="49" hits="5" branch="True" condition-coverage="100% (2/2)">
                  <conditions>
                    <condition number="26" type="jump" coverage="100%" />
                  </conditions>
                </line>
                <line number="50" hits="3" branch="False" />
                <line number="51" hits="3" branch="False" />
                <line number="53" hits="2" branch="False" />
                <line number="54" hits="2" branch="False" />
                <line number="55" hits="2" branch="False" />
                <line number="57" hits="2" branch="False" />
              </lines>
            </method>
            <method name="UpdateSalesRepresentative" signature="(PurchaseAssistantWebApp.Models.SalesRepresentative)" line-rate="1" branch-rate="1">
              <lines>
                <line number="60" hits="6" branch="False" />
                <line number="61" hits="6" branch="False" />
                <line number="62" hits="4" branch="True" condition-coverage="100% (2/2)">
                  <conditions>
                    <condition number="26" type="jump" coverage="100%" />
                  </conditions>
                </line>
                <line number="63" hits="2" branch="False" />
                <line number="64" hits="2" branch="False" />
                <line number="66" hits="2" branch="False" />
                <line number="67" hits="2" branch="False" />
                <line number="68" hits="2" branch="False" />
                <line number="69" hits="2" branch="False" />
                <line number="70" hits="2" branch="False" />
                <line number="71" hits="2" branch="False" />
                <line number="72" hits="2" branch="False" />
              </lines>
            </method>
            <method name="DeleteSalesRepresentative" signature="(System.String)" line-rate="1" branch-rate="1">
              <lines>
                <line number="75" hits="4" branch="False" />
                <line number="76" hits="4" branch="True" condition-coverage="100% (2/2)">
                  <conditions>
                    <condition number="13" type="jump" coverage="100%" />
                  </conditions>
                </line>
                <line number="77" hits="2" branch="False" />
                <line number="78" hits="2" branch="False" />
                <line number="80" hits="2" branch="False" />
                <line number="81" hits="2" branch="False" />
                <line number="82" hits="2" branch="False" />
                <line number="84" hits="2" branch="False" />
              </lines>
            </method>
            <method name="GetSalesRepresentative" signature="(System.String)" line-rate="1" branch-rate="1">
              <lines>
                <line number="87" hits="21" branch="False" />
                <line number="88" hits="21" branch="False" />
                <line number="89" hits="21" branch="False" />
              </lines>
            </method>
            <method name=".ctor" signature="(PurchaseAssistantWebApp.Database.AppDbContext)" line-rate="1" branch-rate="1">
              <lines>
                <line number="13" hits="31" branch="False" />
                <line number="14" hits="31" branch="False" />
                <line number="15" hits="31" branch="False" />
                <line number="16" hits="31" branch="False" />
              </lines>
            </method>
          </methods>
          <lines>
            <line number="20" hits="48" branch="False" />
            <line number="21" hits="48" branch="True" condition-coverage="100% (2/2)">
              <conditions>
                <condition number="9" type="jump" coverage="100%" />
              </conditions>
            </line>
            <line number="22" hits="4" branch="False" />
            <line number="23" hits="4" branch="False" />
            <line number="25" hits="44" branch="False" />
            <line number="29" hits="13" branch="False" />
            <line number="30" hits="13" branch="False" />
            <line number="31" hits="13" branch="False" />
            <line number="32" hits="11" branch="False" />
            <line number="33" hits="11" branch="False" />
            <line number="34" hits="9" branch="False" />
            <line number="37" hits="2" branch="False" />
            <line number="38" hits="2" branch="False" />
            <line number="39" hits="2" branch="False" />
            <line number="42" hits="3" branch="False" />
            <line number="43" hits="3" branch="False" />
            <line number="44" hits="3" branch="False" />
            <line number="47" hits="7" branch="False" />
            <line number="48" hits="7" branch="False" />
            <line number="49" hits="5" branch="True" condition-coverage="100% (2/2)">
              <conditions>
                <condition number="26" type="jump" coverage="100%" />
              </conditions>
            </line>
            <line number="50" hits="3" branch="False" />
            <line number="51" hits="3" branch="False" />
            <line number="53" hits="2" branch="False" />
            <line number="54" hits="2" branch="False" />
            <line number="55" hits="2" branch="False" />
            <line number="57" hits="2" branch="False" />
            <line number="60" hits="6" branch="False" />
            <line number="61" hits="6" branch="False" />
            <line number="62" hits="4" branch="True" condition-coverage="100% (2/2)">
              <conditions>
                <condition number="26" type="jump" coverage="100%" />
              </conditions>
            </line>
            <line number="63" hits="2" branch="False" />
            <line number="64" hits="2" branch="False" />
            <line number="66" hits="2" branch="False" />
            <line number="67" hits="2" branch="False" />
            <line number="68" hits="2" branch="False" />
            <line number="69" hits="2" branch="False" />
            <line number="70" hits="2" branch="False" />
            <line number="71" hits="2" branch="False" />
            <line number="72" hits="2" branch="False" />
            <line number="75" hits="4" branch="False" />
            <line number="76" hits="4" branch="True" condition-coverage="100% (2/2)">
              <conditions>
                <condition number="13" type="jump" coverage="100%" />
              </conditions>
            </line>
            <line number="77" hits="2" branch="False" />
            <line number="78" hits="2" branch="False" />
            <line number="80" hits="2" branch="False" />
            <line number="81" hits="2" branch="False" />
            <line number="82" hits="2" branch="False" />
            <line number="84" hits="2" branch="False" />
            <line number="87" hits="21" branch="False" />
            <line number="88" hits="21" branch="False" />
            <line number="89" hits="21" branch="False" />
            <line number="13" hits="31" branch="False" />
            <line number="14" hits="31" branch="False" />
            <line number="15" hits="31" branch="False" />
            <line number="16" hits="31" branch="False" />
          </lines>
        </class>
        <class name="PurchaseAssistantWebApp.Models.CallSetupRequest" filename="Models\CallSetupRequest.cs" line-rate="1" branch-rate="1" complexity="6">
          <methods>
            <method name="get_RequestId" signature="()" line-rate="1" branch-rate="1">
              <lines>
                <line number="9" hits="113" branch="False" />
              </lines>
            </method>
            <method name="get_CoustomerName" signature="()" line-rate="1" branch-rate="1">
              <lines>
                <line number="11" hits="102" branch="False" />
              </lines>
            </method>
            <method name="get_Organisation" signature="()" line-rate="1" branch-rate="1">
              <lines>
                <line number="15" hits="99" branch="False" />
              </lines>
            </method>
            <method name="get_Region" signature="()" line-rate="1" branch-rate="1">
              <lines>
                <line number="17" hits="98" branch="False" />
              </lines>
            </method>
            <method name="get_Email" signature="()" line-rate="1" branch-rate="1">
              <lines>
                <line number="19" hits="100" branch="False" />
              </lines>
            </method>
            <method name="get_SelectedModels" signature="()" line-rate="1" branch-rate="1">
              <lines>
                <line number="22" hits="122" branch="False" />
              </lines>
            </method>
          </methods>
          <lines>
            <line number="9" hits="113" branch="False" />
            <line number="11" hits="102" branch="False" />
            <line number="15" hits="99" branch="False" />
            <line number="17" hits="98" branch="False" />
            <line number="19" hits="100" branch="False" />
            <line number="22" hits="122" branch="False" />
          </lines>
        </class>
        <class name="PurchaseAssistantWebApp.Models.ModelsSpecification" filename="Models\ModelsSpecification.cs" line-rate="1" branch-rate="1" complexity="18">
          <methods>
            <method name="get_Id" signature="()" line-rate="1" branch-rate="1">
              <lines>
                <line number="8" hits="149" branch="False" />
              </lines>
            </method>
            <method name="get_ProductName" signature="()" line-rate="1" branch-rate="1">
              <lines>
                <line number="9" hits="155" branch="False" />
              </lines>
            </method>
            <method name="get_ProductKey" signature="()" line-rate="1" branch-rate="1">
              <lines>
                <line number="10" hits="154" branch="False" />
              </lines>
            </method>
            <method name="get_Description" signature="()" line-rate="1" branch-rate="1">
              <lines>
                <line number="11" hits="149" branch="False" />
              </lines>
            </method>
            <method name="get_Price" signature="()" line-rate="1" branch-rate="1">
              <lines>
                <line number="12" hits="148" branch="False" />
              </lines>
            </method>
            <method name="get_Weight" signature="()" line-rate="1" branch-rate="1">
              <lines>
                <line number="13" hits="141" branch="False" />
              </lines>
            </method>
            <method name="get_Portable" signature="()" line-rate="1" branch-rate="1">
              <lines>
                <line number="14" hits="147" branch="False" />
              </lines>
            </method>
            <method name="get_ScreenSize" signature="()" line-rate="1" branch-rate="1">
              <lines>
                <line number="15" hits="141" branch="False" />
              </lines>
            </method>
            <method name="get_TouchScreenSupport" signature="()" line-rate="1" branch-rate="1">
              <lines>
                <line number="16" hits="144" branch="False" />
              </lines>
            </method>
            <method name="get_MonitorResolution" signature="()" line-rate="1" branch-rate="1">
              <lines>
                <line number="17" hits="148" branch="False" />
              </lines>
            </method>
            <method name="get_BatterySupport" signature="()" line-rate="1" branch-rate="1">
              <lines>
                <line number="18" hits="152" branch="False" />
              </lines>
            </method>
            <method name="get_MultiPatientSupport" signature="()" line-rate="1" branch-rate="1">
              <lines>
                <line number="19" hits="151" branch="False" />
              </lines>
            </method>
            <method name="get_BpCheck" signature="()" line-rate="1" branch-rate="1">
              <lines>
                <line number="22" hits="151" branch="False" />
              </lines>
            </method>
            <method name="get_HeartRateCheck" signature="()" line-rate="1" branch-rate="1">
              <lines>
                <line number="23" hits="151" branch="False" />
              </lines>
            </method>
            <method name="get_EcgCheck" signature="()" line-rate="1" branch-rate="1">
              <lines>
                <line number="24" hits="151" branch="False" />
              </lines>
            </method>
            <method name="get_SpO2Check" signature="()" line-rate="1" branch-rate="1">
              <lines>
                <line number="25" hits="151" branch="False" />
              </lines>
            </method>
            <method name="get_TemperatureCheck" signature="()" line-rate="1" branch-rate="1">
              <lines>
                <line number="26" hits="151" branch="False" />
              </lines>
            </method>
            <method name="get_CardiacOutputCheck" signature="()" line-rate="1" branch-rate="1">
              <lines>
                <line number="27" hits="151" branch="False" />
              </lines>
            </method>
          </methods>
          <lines>
            <line number="8" hits="149" branch="False" />
            <line number="9" hits="155" branch="False" />
            <line number="10" hits="154" branch="False" />
            <line number="11" hits="149" branch="False" />
            <line number="12" hits="148" branch="False" />
            <line number="13" hits="141" branch="False" />
            <line number="14" hits="147" branch="False" />
            <line number="15" hits="141" branch="False" />
            <line number="16" hits="144" branch="False" />
            <line number="17" hits="148" branch="False" />
            <line number="18" hits="152" branch="False" />
            <line number="19" hits="151" branch="False" />
            <line number="22" hits="151" branch="False" />
            <line number="23" hits="151" branch="False" />
            <line number="24" hits="151" branch="False" />
            <line number="25" hits="151" branch="False" />
            <line number="26" hits="151" branch="False" />
            <line number="27" hits="151" branch="False" />
          </lines>
        </class>
        <class name="PurchaseAssistantWebApp.Models.SalesRepresentative" filename="Models\SalesRepresentative.cs" line-rate="1" branch-rate="1" complexity="4">
          <methods>
            <method name="get_Id" signature="()" line-rate="1" branch-rate="1">
              <lines>
                <line number="10" hits="112" branch="False" />
              </lines>
            </method>
            <method name="get_Name" signature="()" line-rate="1" branch-rate="1">
              <lines>
                <line number="12" hits="95" branch="False" />
              </lines>
            </method>
            <method name="get_DepartmentRegion" signature="()" line-rate="1" branch-rate="1">
              <lines>
                <line number="14" hits="93" branch="False" />
              </lines>
            </method>
            <method name="get_Email" signature="()" line-rate="1" branch-rate="1">
              <lines>
                <line number="16" hits="98" branch="False" />
              </lines>
            </method>
          </methods>
          <lines>
            <line number="10" hits="112" branch="False" />
            <line number="12" hits="95" branch="False" />
            <line number="14" hits="93" branch="False" />
            <line number="16" hits="98" branch="False" />
          </lines>
        </class>
        <class name="PurchaseAssistantWebApp.Models.SearchQuery" filename="Models\SearchQuery.cs" line-rate="1" branch-rate="1" complexity="13">
          <methods>
            <method name="get_Id" signature="()" line-rate="1" branch-rate="1">
              <lines>
                <line number="5" hits="6" branch="False" />
              </lines>
            </method>
            <method name="get_ProductName" signature="()" line-rate="1" branch-rate="1">
              <lines>
                <line number="6" hits="6" branch="False" />
              </lines>
            </method>
            <method name="get_ProductKey" signature="()" line-rate="1" branch-rate="1">
              <lines>
                <line number="7" hits="6" branch="False" />
              </lines>
            </method>
            <method name="get_Portability" signature="()" line-rate="1" branch-rate="1">
              <lines>
                <line number="8" hits="8" branch="False" />
              </lines>
            </method>
            <method name="get_BatterySupport" signature="()" line-rate="1" branch-rate="1">
              <lines>
                <line number="9" hits="5" branch="False" />
              </lines>
            </method>
            <method name="get_MultiPatientSupport" signature="()" line-rate="1" branch-rate="1">
              <lines>
                <line number="10" hits="5" branch="False" />
              </lines>
            </method>
            <method name="get_TouchScreenSupport" signature="()" line-rate="1" branch-rate="1">
              <lines>
                <line number="11" hits="5" branch="False" />
              </lines>
            </method>
            <method name="get_BpCheck" signature="()" line-rate="1" branch-rate="1">
              <lines>
                <line number="14" hits="5" branch="False" />
              </lines>
            </method>
            <method name="get_HeartRateCheck" signature="()" line-rate="1" branch-rate="1">
              <lines>
                <line number="15" hits="5" branch="False" />
              </lines>
            </method>
            <method name="get_EcgCheck" signature="()" line-rate="1" branch-rate="1">
              <lines>
                <line number="16" hits="5" branch="False" />
              </lines>
            </method>
            <method name="get_SpO2Check" signature="()" line-rate="1" branch-rate="1">
              <lines>
                <line number="17" hits="5" branch="False" />
              </lines>
            </method>
            <method name="get_TemperatureCheck" signature="()" line-rate="1" branch-rate="1">
              <lines>
                <line number="18" hits="5" branch="False" />
              </lines>
            </method>
            <method name="get_CardiacOutputCheck" signature="()" line-rate="1" branch-rate="1">
              <lines>
                <line number="19" hits="5" branch="False" />
              </lines>
            </method>
          </methods>
          <lines>
[...]
              <lines>
                <line number="29" hits="1" branch="False" />
                <line number="30" hits="1" branch="False" />
                <line number="31" hits="1" branch="False" />
              </lines>
            </method>
            <method name="Post" signature="(PurchaseAssistantWebApp.Models.CallSetupRequest)" line-rate="1" branch-rate="1">
              <lines>
                <line number="36" hits="4" branch="False" />
                <line number="38" hits="4" branch="False" />
                <line number="39" hits="4" branch="False" />
                <line number="40" hits="1" branch="False" />
                <line number="41" hits="1" branch="False" />
                <line number="43" hits="3" branch="False" />
                <line number="44" hits="3" branch="False" />
                <line number="45" hits="3" branch="False" />
                <line number="47" hits="4" branch="False" />
              </lines>
            </method>
            <method name="Put" signature="(PurchaseAssistantWebApp.Models.CallSetupRequest)" line-rate="1" branch-rate="1">
              <lines>
                <line number="52" hits="3" branch="False" />
                <line number="54" hits="3" branch="False" />
                <line number="55" hits="3" branch="False" />
                <line number="56" hits="1" branch="False" />
                <line number="58" hits="1" branch="False" />
                <line number="59" hits="1" branch="False" />
                <line number="60" hits="1" branch="False" />
                <line number="62" hits="1" branch="False" />
                <line number="63" hits="1" branch="False" />
                <line number="64" hits="1" branch="False" />
                <line number="66" hits="3" branch="False" />
              </lines>
            </method>
            <method name="Delete" signature="(System.String,System.String)" line-rate="1" branch-rate="1">
              <lines>
                <line number="71" hits="2" branch="False" />
                <line number="73" hits="2" branch="False" />
                <line number="74" hits="2" branch="False" />
                <line number="76" hits="2" branch="False" />
                <line number="77" hits="1" branch="False" />
                <line number="78" hits="1" branch="False" />
                <line number="80" hits="1" branch="False" />
                <line number="82" hits="1" branch="False" />
                <line number="83" hits="1" branch="False" />
                <line number="84" hits="1" branch="False" />
                <line number="86" hits="2" branch="False" />
              </lines>
            </method>
            <method name="GetAppropriateMessageOnDeleteCallRequest" signature="(System.String)" line-rate="0.8571" branch-rate="0.5">
              <lines>
                <line number="89" hits="1" branch="False" />
                <line number="90" hits="1" branch="False" />
                <line number="91" hits="1" branch="True" condition-coverage="50% (1/2)">
                  <conditions>
                    <condition number="17" type="jump" coverage="50%" />
                  </conditions>
                </line>
                <line number="92" hits="1" branch="False" />
                <line number="93" hits="1" branch="False" />
                <line number="95" hits="0" branch="False" />
                <line number="96" hits="1" branch="False" />
              </lines>
            </method>
            <method name=".ctor" signature="(PurchaseAssistantWebApp.Repository.ICallSetupRequestDataRepository,PurchaseAssistantWebApp.Repository.ISalesRepresentativeDataRepository,PurchaseAssistantWebApp.Utilities.IAlerter)" line-rate="1" branch-rate="1">
              <lines>
                <line number="17" hits="10" branch="False" />
                <line number="18" hits="10" branch="False" />
                <line number="19" hits="10" branch="False" />
                <line number="20" hits="10" branch="False" />
                <line number="21" hits="10" branch="False" />
                <line number="22" hits="10" branch="False" />
                <line number="23" hits="10" branch="False" />
                <line number="24" hits="10" branch="False" />
              </lines>
            </method>
          </methods>
          <lines>
            <line number="29" hits="1" branch="False" />
            <line number="30" hits="1" branch="False" />
            <line number="31" hits="1" branch="False" />
            <line number="36" hits="4" branch="False" />
            <line number="38" hits="4" branch="False" />
            <line number="39" hits="4" branch="False" />
            <line number="40" hits="1" branch="False" />
            <line number="41" hits="1" branch="False" />
            <line number="43" hits="3" branch="False" />
            <line number="44" hits="3" branch="False" />
            <line number="45" hits="3" branch="False" />
            <line number="47" hits="4" branch="False" />
            <line number="52" hits="3" branch="False" />
            <line number="54" hits="3" branch="False" />
            <line number="55" hits="3" branch="False" />
            <line number="56" hits="1" branch="False" />
            <line number="58" hits="1" branch="False" />
            <line number="59" hits="1" branch="False" />
            <line number="60" hits="1" branch="False" />
            <line number="62" hits="1" branch="False" />
            <line number="63" hits="1" branch="False" />
            <line number="64" hits="1" branch="False" />
            <line number="66" hits="3" branch="False" />
            <line number="71" hits="2" branch="False" />
            <line number="73" hits="2" branch="False" />
            <line number="74" hits="2" branch="False" />
            <line number="76" hits="2" branch="False" />
            <line number="77" hits="1" branch="False" />
            <line number="78" hits="1" branch="False" />
            <line number="80" hits="1" branch="False" />
            <line number="82" hits="1" branch="False" />
            <line number="83" hits="1" branch="False" />
            <line number="84" hits="1" branch="False" />
            <line number="86" hits="2" branch="False" />
            <line number="89" hits="1" branch="False" />
            <line number="90" hits="1" branch="False" />
            <line number="91" hits="1" branch="True" condition-coverage="50% (1/2)">
              <conditions>
                <condition number="17" type="jump" coverage="50%" />
              </conditions>
            </line>
            <line number="92" hits="1" branch="False" />
            <line number="93" hits="1" branch="False" />
            <line number="95" hits="0" branch="False" />
            <line number="96" hits="1" branch="False" />
            <line number="17" hits="10" branch="False" />
            <line number="18" hits="10" branch="False" />
            <line number="19" hits="10" branch="False" />
            <line number="20" hits="10" branch="False" />
            <line number="21" hits="10" branch="False" />
            <line number="22" hits="10" branch="False" />
            <line number="23" hits="10" branch="False" />
            <line number="24" hits="10" branch="False" />
          </lines>
        </class>
        <class name="PurchaseAssistantWebApp.Controllers.ContinuousPatientMonitoringSystemsController" filename="Controllers\ContinuousPatientMonitoringSystemsController.cs" line-rate="1" branch-rate="1" complexity="2">
          <methods>
            <method name="Get" signature="(PurchaseAssistantWebApp.Models.SearchQuery)" line-rate="1" branch-rate="1">
              <lines>
                <line number="21" hits="2" branch="False" />
                <line number="23" hits="2" branch="False" />
                <line number="24" hits="2" branch="False" />
                <line number="25" hits="1" branch="False" />
                <line number="27" hits="1" branch="False" />
                <line number="28" hits="1" branch="False" />
                <line number="29" hits="1" branch="False" />
                <line number="31" hits="2" branch="False" />
              </lines>
            </method>
            <method name=".ctor" signature="(PurchaseAssistantWebApp.Repository.IModelsSpecificationDataRepository)" line-rate="1" branch-rate="1">
              <lines>
                <line number="14" hits="2" branch="False" />
                <line number="15" hits="2" branch="False" />
                <line number="16" hits="2" branch="False" />
                <line number="17" hits="2" branch="False" />
              </lines>
            </method>
          </methods>
          <lines>
            <line number="21" hits="2" branch="False" />
            <line number="23" hits="2" branch="False" />
            <line number="24" hits="2" branch="False" />
            <line number="25" hits="1" branch="False" />
            <line number="27" hits="1" branch="False" />
            <line number="28" hits="1" branch="False" />
            <line number="29" hits="1" branch="False" />
            <line number="31" hits="2" branch="False" />
            <line number="14" hits="2" branch="False" />
            <line number="15" hits="2" branch="False" />
            <line number="16" hits="2" branch="False" />
            <line number="17" hits="2" branch="False" />
          </lines>
        </class>
        <class name="PurchaseAssistantWebApp.Controllers.ModelsSpecificationController" filename="Controllers\ModelsSpecificationController.cs" line-rate="1" branch-rate="1" complexity="5">
          <methods>
            <method name="Get" signature="()" line-rate="1" branch-rate="1">
              <lines>
                <line number="22" hits="1" branch="False" />
                <line number="23" hits="1" branch="False" />
                <line number="24" hits="1" branch="False" />
              </lines>
            </method>
            <method name="Post" signature="(PurchaseAssistantWebApp.Models.ModelsSpecification)" line-rate="1" branch-rate="1">
              <lines>
                <line number="29" hits="6" branch="False" />
                <line number="31" hits="6" branch="False" />
                <line number="32" hits="6" branch="False" />
                <line number="33" hits="1" branch="False" />
                <line number="35" hits="5" branch="False" />
                <line number="36" hits="5" branch="False" />
                <line number="37" hits="5" branch="False" />
                <line number="39" hits="6" branch="False" />
              </lines>
            </method>
            <method name="Put" signature="(PurchaseAssistantWebApp.Models.ModelsSpecification)" line-rate="1" branch-rate="1">
              <lines>
                <line number="44" hits="3" branch="False" />
                <line number="46" hits="3" branch="False" />
                <line number="47" hits="3" branch="False" />
                <line number="48" hits="1" branch="False" />
                <line number="50" hits="1" branch="False" />
                <line number="51" hits="1" branch="False" />
                <line number="52" hits="1" branch="False" />
                <line number="54" hits="1" branch="False" />
                <line number="55" hits="1" branch="False" />
                <line number="56" hits="1" branch="False" />
                <line number="58" hits="3" branch="False" />
              </lines>
            </method>
            <method name="Delete" signature="(System.Int64)" line-rate="1" branch-rate="1">
              <lines>
                <line number="63" hits="2" branch="False" />
                <line number="65" hits="2" branch="False" />
                <line number="66" hits="2" branch="False" />
                <line number="67" hits="1" branch="False" />
                <line number="69" hits="1" branch="False" />
                <line number="70" hits="1" branch="False" />
                <line number="71" hits="1" branch="False" />
                <line number="73" hits="2" branch="False" />
              </lines>
            </method>
            <method name=".ctor" signature="(PurchaseAssistantWebApp.Repository.IModelsSpecificationDataRepository)" line-rate="1" branch-rate="1">
              <lines>
                <line number="14" hits="12" branch="False" />
                <line number="15" hits="12" branch="False" />
                <line number="16" hits="12" branch="False" />
                <line number="17" hits="12" branch="False" />
              </lines>
            </method>
          </methods>
          <lines>
            <line number="22" hits="1" branch="False" />
            <line number="23" hits="1" branch="False" />
            <line number="24" hits="1" branch="False" />
            <line number="29" hits="6" branch="False" />
            <line number="31" hits="6" branch="False" />
            <line number="32" hits="6" branch="False" />
            <line number="33" hits="1" branch="False" />
            <line number="35" hits="5" branch="False" />
            <line number="36" hits="5" branch="False" />
            <line number="37" hits="5" branch="False" />
            <line number="39" hits="6" branch="False" />
            <line number="44" hits="3" branch="False" />
            <line number="46" hits="3" branch="False" />
            <line number="47" hits="3" branch="False" />
            <line number="48" hits="1" branch="False" />
            <line number="50" hits="1" branch="False" />
            <line number="51" hits="1" branch="False" />
            <line number="52" hits="1" branch="False" />
            <line number="54" hits="1" branch="False" />
            <line number="55" hits="1" branch="False" />
            <line number="56" hits="1" branch="False" />
            <line number="58" hits="3" branch="False" />
            <line number="63" hits="2" branch="False" />
            <line number="65" hits="2" branch="False" />
            <line number="66" hits="2" branch="False" />
            <line number="67" hits="1" branch="False" />
            <line number="69" hits="1" branch="False" />
            <line number="70" hits="1" branch="False" />
            <line number="71" hits="1" branch="False" />
            <line number="73" hits="2" branch="False" />
            <line number="14" hits="12" branch="False" />
            <line number="15" hits="12" branch="False" />
            <line number="16" hits="12" branch="False" />
            <line number="17" hits="12" branch="False" />
          </lines>
        </class>
        <class name="PurchaseAssistantWebApp.Controllers.SalesRepresentativeController" filename="Controllers\SalesRepresentativeController.cs" line-rate="1" branch-rate="1" complexity="5">
          <methods>
            <method name="Get" signature="()" line-rate="1" branch-rate="1">
              <lines>
                <line number="23" hits="1" branch="False" />
                <line number="24" hits="1" branch="False" />
                <line number="25" hits="1" branch="False" />
              </lines>
            </method>
            <method name="Post" signature="(PurchaseAssistantWebApp.Models.SalesRepresentative)" line-rate="1" branch-rate="1">
              <lines>
                <line number="30" hits="4" branch="False" />
                <line number="32" hits="4" branch="False" />
                <line number="33" hits="4" branch="False" />
                <line number="34" hits="1" branch="False" />
                <line number="36" hits="3" branch="False" />
                <line number="37" hits="3" branch="False" />
                <line number="38" hits="3" branch="False" />
                <line number="40" hits="4" branch="False" />
              </lines>
            </method>
            <method name="Put" signature="(PurchaseAssistantWebApp.Models.SalesRepresentative)" line-rate="1" branch-rate="1">
              <lines>
                <line number="45" hits="3" branch="False" />
                <line number="47" hits="3" branch="False" />
                <line number="48" hits="3" branch="False" />
                <line number="49" hits="1" branch="False" />
                <line number="51" hits="1" branch="False" />
                <line number="52" hits="1" branch="False" />
                <line number="53" hits="1" branch="False" />
                <line number="55" hits="1" branch="False" />
                <line number="56" hits="1" branch="False" />
                <line number="57" hits="1" branch="False" />
                <line number="59" hits="3" branch="False" />
              </lines>
            </method>
            <method name="Delete" signature="(System.String)" line-rate="1" branch-rate="1">
              <lines>
                <line number="64" hits="2" branch="False" />
                <line number="66" hits="2" branch="False" />
                <line number="67" hits="2" branch="False" />
                <line number="68" hits="1" branch="False" />
                <line number="70" hits="1" branch="False" />
                <line number="71" hits="1" branch="False" />
                <line number="72" hits="1" branch="False" />
                <line number="74" hits="2" branch="False" />
              </lines>
            </method>
            <method name=".ctor" signature="(PurchaseAssistantWebApp.Repository.ISalesRepresentativeDataRepository)" line-rate="1" branch-rate="1">
              <lines>
                <line number="15" hits="10" branch="False" />
                <line number="16" hits="10" branch="False" />
                <line number="17" hits="10" branch="False" />
                <line number="18" hits="10" branch="False" />
              </lines>
            </method>
          </methods>
          <lines>
            <line number="23" hits="1" branch="False" />
            <line number="24" hits="1" branch="False" />
            <line number="25" hits="1" branch="False" />
            <line number="30" hits="4" branch="False" />
            <line number="32" hits="4" branch="False" />
            <line number="33" hits="4" branch="False" />
            <line number="34" hits="1" branch="False" />
            <line number="36" hits="3" branch="False" />
            <line number="37" hits="3" branch="False" />
            <line number="38" hits="3" branch="False" />
            <line number="40" hits="4" branch="False" />
            <line number="45" hits="3" branch="False" />
            <line number="47" hits="3" branch="False" />
            <line number="48" hits="3" branch="False" />
            <line number="49" hits="1" branch="False" />
            <line number="51" hits="1" branch="False" />
            <line number="52" hits="1" branch="False" />
            <line number="53" hits="1" branch="False" />
            <line number="55" hits="1" branch="False" />
            <line number="56" hits="1" branch="False" />
            <line number="57" hits="1" branch="False" />
            <line number="59" hits="3" branch="False" />
            <line number="64" hits="2" branch="False" />
            <line number="66" hits="2" branch="False" />
            <line number="67" hits="2" branch="False" />
            <line number="68" hits="1" branch="False" />
            <line number="70" hits="1" branch="False" />
            <line number="71" hits="1" branch="False" />
            <line number="72" hits="1" branch="False" />
            <line number="74" hits="2" branch="False" />
            <line number="15" hits="10" branch="False" />
            <line number="16" hits="10" branch="False" />
            <line number="17" hits="10" branch="False" />
            <line number="18" hits="10" branch="False" />
          </lines>
        </class>
      </classes>
    </package>
  </packages>
</coverage>